<?xml version="1.0" encoding="UTF-8"?>
<!-- Generated by org.testng.reporters.JUnitReportReporter -->
<testsuite hostname="DESKTOP-NFCI9UD" failures="0" tests="1" name="testCaseRepo.TC_004" time="29.576" errors="0" timestamp="2025-09-08T09:46:06 IST" skipped="0">
  <testcase classname="testCaseRepo.TC_004" name="CON_001" time="29.576">
    <system-out>
      <![CDATA[CON_001 Test method started
CON_001 Test method executed successfully]]>
    </system-out>
  </testcase> <!-- CON_001 -->
  <system-out>
    <![CDATA[LE_003 Test method started
LE_003 Test method executed successfully
LE_001 Test method started
LE_001 Test method failed
CON_001 Test method started
CON_001 Test method executed successfully]]>
  </system-out>
</testsuite> <!-- testCaseRepo.TC_004 -->
