<?xml version="1.0" encoding="UTF-8"?>
<!-- Generated by org.testng.reporters.JUnitReportReporter -->
<testsuite hostname="DESKTOP-NFCI9UD" failures="0" tests="1" name="testCaseRepo.TC_005" time="18.248" errors="0" timestamp="2025-09-04T09:15:40 IST" skipped="0">
  <testcase classname="testCaseRepo.TC_005" name="CON_002" time="18.248"/>
</testsuite> <!-- testCaseRepo.TC_005 -->
