<?xml version="1.0" encoding="UTF-8"?>
<!-- Generated by org.testng.reporters.JUnitReportReporter -->
<testsuite hostname="DESKTOP-NFCI9UD" failures="0" tests="1" name="practice.TC_001Practice" time="18.930" errors="0" timestamp="2025-08-30T10:29:45 IST" skipped="0">
  <testcase classname="practice.TC_001Practice" name="LE_001" time="18.930"/>
</testsuite> <!-- practice.TC_001Practice -->
