<?xml version="1.0" encoding="UTF-8"?>
<!-- Generated by org.testng.reporters.JUnitReportReporter -->
<testsuite hostname="DESKTOP-NFCI9UD" failures="0" tests="2" name="practice.AnnotationsPractice" time="0.028" errors="0" timestamp="2025-09-05T09:34:34 IST" skipped="0">
  <testcase classname="practice.AnnotationsPractice" name="testMethod1" time="0.017"/>
  <testcase classname="practice.AnnotationsPractice" name="testMethod2" time="0.011"/>
</testsuite> <!-- practice.AnnotationsPractice -->
