<?xml version="1.0" encoding="UTF-8"?>
<!-- Generated by org.testng.reporters.JUnitReportReporter -->
<testsuite hostname="DESKTOP-NFCI9UD" failures="0" tests="3" name="practice.RetryAnalyzerPractice" time="0.033" errors="0" timestamp="2025-09-09T09:31:13 IST" skipped="2">
  <testcase classname="practice.RetryAnalyzerPractice" name="demo" time="0.004"/>
  <testcase classname="practice.RetryAnalyzerPractice" name="demo" time="0.009">
    <skipped/>
  </testcase> <!-- demo -->
  <testcase classname="practice.RetryAnalyzerPractice" name="demo" time="0.020">
    <skipped/>
  </testcase> <!-- demo -->
</testsuite> <!-- practice.RetryAnalyzerPractice -->
