<?xml version="1.0" encoding="UTF-8"?>
<!-- Generated by org.testng.reporters.JUnitReportReporter -->
<testsuite hostname="DESKTOP-NFCI9UD" failures="0" tests="1" name="testCaseRepo.TC_006" time="24.824" errors="0" timestamp="2025-09-04T10:04:24 IST" skipped="0">
  <testcase classname="testCaseRepo.TC_006" name="CON_003" time="24.824"/>
</testsuite> <!-- testCaseRepo.TC_006 -->
