<?xml version="1.0" encoding="UTF-8"?>
<!-- Generated by org.testng.reporters.JUnitReportReporter -->
<testsuite hostname="DESKTOP-NFCI9UD" failures="0" tests="1" name="testCaseRepo.TC_001Test" time="39.019" errors="0" timestamp="2025-09-17T09:49:41 IST" skipped="0">
  <testcase classname="testCaseRepo.TC_001Test" name="LE_001" time="39.019">
    <system-out>
      <![CDATA[LE_001 Test method started
LE_001 Test method executed successfully]]>
    </system-out>
  </testcase> <!-- LE_001 -->
  <system-out>
    <![CDATA[LE_001 Test method started
LE_001 Test method executed successfully]]>
  </system-out>
</testsuite> <!-- testCaseRepo.TC_001Test -->
