<?xml version="1.0" encoding="UTF-8"?>
<!-- Generated by org.testng.reporters.JUnitReportReporter -->
<testsuite hostname="DESKTOP-NFCI9UD" failures="0" tests="3" name="practice.TestNGPractice" time="0.007" errors="0" timestamp="2025-09-16T09:23:40 IST" skipped="0">
  <testcase classname="practice.TestNGPractice" name="modifyUser" time="0.002">
    <system-out>
      <![CDATA[modifyUser Test method started
modifyUser Test method executed successfully]]>
    </system-out>
  </testcase> <!-- modifyUser -->
  <testcase classname="practice.TestNGPractice" name="createUser" time="0.005">
    <system-out>
      <![CDATA[createUser Test method started
createUser Test method executed successfully]]>
    </system-out>
  </testcase> <!-- createUser -->
  <testcase classname="practice.TestNGPractice" name="deleteUser" time="0.000">
    <system-out>
      <![CDATA[deleteUser Test method started
deleteUser Test method executed successfully]]>
    </system-out>
  </testcase> <!-- deleteUser -->
  <system-out>
    <![CDATA[createUser Test method started
createUser Test method executed successfully
deleteUser Test method started
deleteUser Test method executed successfully
modifyUser Test method started
modifyUser Test method executed successfully
LE_001 Test method started
LE_001 Test method failed]]>
  </system-out>
</testsuite> <!-- practice.TestNGPractice -->
