<?xml version="1.0" encoding="UTF-8"?>
<!-- Generated by org.testng.reporters.JUnitReportReporter -->
<testsuite hostname="DESKTOP-NFCI9UD" failures="0" tests="1" name="testCaseRepo.TC_006" time="34.238" errors="0" timestamp="2025-09-17T09:49:41 IST" skipped="0">
  <testcase classname="testCaseRepo.TC_006" name="CON_003" time="34.238"/>
  <system-out>
    <![CDATA[LE_001 Test method started
LE_001 Test method executed successfully]]>
  </system-out>
</testsuite> <!-- testCaseRepo.TC_006 -->
