<?xml version="1.0" encoding="UTF-8"?>
<!-- Generated by org.testng.reporters.JUnitReportReporter -->
<testsuite hostname="DESKTOP-NFCI9UD" failures="0" tests="1" name="testCaseRepo.TC_002" time="43.484" errors="0" timestamp="2025-09-17T09:34:31 IST" skipped="0">
  <testcase classname="testCaseRepo.TC_002" name="LE_002" time="43.484"/>
</testsuite> <!-- testCaseRepo.TC_002 -->
