<?xml version="1.0" encoding="UTF-8"?>
<!-- Generated by org.testng.reporters.JUnitReportReporter -->
<testsuite hostname="DESKTOP-NFCI9UD" failures="0" tests="1" name="testCaseRepo.TC_005" time="44.613" errors="0" timestamp="2025-09-17T09:34:31 IST" skipped="0">
  <testcase classname="testCaseRepo.TC_005" name="CON_002" time="44.613"/>
</testsuite> <!-- testCaseRepo.TC_005 -->
